iMPACT Version: 13.4

iMPACT log file Started on Tue Apr  2 11:35:27 2013

Welcome to iMPACT
iMPACT Version: 13.4
Project: '/home/gengyl08//auto_project.ipf' already exists.
Original project has been renamed to '/home/gengyl08//auto_project_1.ipf'.
Project: /home/gengyl08//auto_project.ipf created.
// *** BATCH CMD : setMode -bs
GUI --- Auto connect to cable...
// *** BATCH CMD : setCable -port auto
AutoDetecting cable. Please wait.
PROGRESS_START - Starting Operation.
Connecting to cable (Usb Port - USB21).
Checking cable driver.
File version of /cad_64/xilinx/ise13.4/ISE_DS/ISE/bin/lin64/xusbdfwu.hex = 1030.
File version of /etc/hotplug/usb/xusbdfwu.fw/xusbdfwu.hex = 1030.
 Using libusb.
 Kernel release = 2.6.35.11-83.fc14.x86_64.
 Max current requested during enumeration is 150 mA.
Type = 0x0005.
 Cable Type = 3, Revision = 0.
 Setting cable speed to 6 MHz.
Cable connection established.
Firmware version = 2401.
File version of /cad_64/xilinx/ise13.4/ISE_DS/ISE/data/xusb_xp2.hex = 2401.
Firmware hex file version = 2401.
PLD file version = 200Dh.
 PLD version = 200Dh.
PROGRESS_END - End Operation.
Elapsed time =      0 sec.
Type = 0x0005.
ESN option: 000014D2B4E601.
Attempting to identify devices in the boundary-scan chain configuration...
INFO:iMPACT - Current time: 4/2/13 11:35 AM
// *** BATCH CMD : Identify -inferir 
PROGRESS_START - Starting Operation.
Identifying chain contents...'0': : Manufacturer's ID = Xilinx xc2c256, Version : 1
INFO:iMPACT:1777 - 
   Reading /cad_64/xilinx/ise13.4/ISE_DS/ISE/xbr/data/xc2c256.bsd...
INFO:iMPACT:501 - '1': Added Device xc2c256 successfully.
----------------------------------------------------------------------
'1': : Manufacturer's ID = Xilinx xc5vtx240t, Version : 0
INFO:iMPACT:1777 - 
   Reading /cad_64/xilinx/ise13.4/ISE_DS/ISE/virtex5/data/xc5vtx240t.bsd...
INFO:iMPACT:501 - '1': Added Device xc5vtx240t successfully.
----------------------------------------------------------------------
done.
PROGRESS_END - End Operation.
Elapsed time =      0 sec.
// *** BATCH CMD : identifyMPM 
// *** BATCH CMD : assignFile -p 1 -file"/home/gengyl08/packet_generator/download.bit"
'1': Loading file '/home/gengyl08/packet_generator/download.bit' ...
done.
INFO:iMPACT:2257 - Startup Clock has been changed to 'JtagClk' in the bitstream   stored in memory,
   but the original bitstream file remains unchanged.
UserID read from the bitstream file = 0xFFFFFFFF.
----------------------------------------------------------------------
INFO:iMPACT:501 - '1': Added Device xc5vtx240t successfully.
----------------------------------------------------------------------
INFO:iMPACT - Current time: 4/2/13 11:35 AM
// *** BATCH CMD : Program -p 1 
Maximum TCK operating frequency for this device chain: 33000000.
Validating chain...
Boundary-scan chain validated successfully.
1: Device Temperature: Current Reading:   66.13 C, Min. Reading:   66.13 C, Max.Reading:   79.42 C
1: VCCINT Supply: Current Reading:   0.958 V, Min. Reading:   0.955 V, Max.Reading:   0.984 V
1: VCCAUX Supply: Current Reading:   2.511 V, Min. Reading:   2.511 V, Max.Reading:   2.517 V
PROGRESS_START - Starting Operation.
'1': Programming device...
 Match_cycle = 2.
 LCK_cycle = NoWait.
LCK cycle: NoWait
done.
INFO:iMPACT:2219 - Status register values:
INFO:iMPACT - 0011 1111 0111 1110 0000 1011 1100 0000 
INFO:iMPACT:579 - '1': Completed downloading bit file to device.
INFO:iMPACT:188 - '1': Programming completed successfully.
 Match_cycle = 2.
 LCK_cycle = NoWait.
LCK cycle: NoWait
INFO:iMPACT - '1': Checking done pin....done.
'1': Programmed successfully.
PROGRESS_END - End Operation.
Elapsed time =     24 sec.
Project: '/home/gengyl08//auto_project.ipf' created.
// *** BATCH CMD : setMode -bs
// *** BATCH CMD : setMode -ss
// *** BATCH CMD : setMode -sm
// *** BATCH CMD : setMode -hw140
// *** BATCH CMD : setMode -spi
// *** BATCH CMD : setMode -acecf
// *** BATCH CMD : setMode -acempm
// *** BATCH CMD : setMode -pff
// *** BATCH CMD : setMode -bs
// *** BATCH CMD : saveProjectFile -file "/home/gengyl08//auto_project.ipf"
INFO:iMPACT - User_EnvOsname: 'unknown'
INFO:iMPACT - User_EnvOsrelease: 'unknown'
// *** BATCH CMD : setMode -bs
INFO:iMPACT - Launching WebTalk, please refer to the webtalk log at   /home/gengyl08/webtalk.log for details.
INFO:iMPACT - Running wbtc successfully.
// *** BATCH CMD : setMode -bs
// *** BATCH CMD : deleteDevice -position 1
----------------------------------------------------------------------
// *** BATCH CMD : deleteDevice -position 1
// *** BATCH CMD : setMode -bs
// *** BATCH CMD : setMode -ss
// *** BATCH CMD : setMode -sm
// *** BATCH CMD : setMode -hw140
// *** BATCH CMD : setMode -spi
// *** BATCH CMD : setMode -acecf
// *** BATCH CMD : setMode -acempm
// *** BATCH CMD : setMode -pff
